<?xml version="1.0" encoding="UTF-8"?>
<testsuites name="jest tests" tests="1" failures="0" errors="0" time="2.228">
  <testsuite name="undefined" errors="0" failures="0" skipped="0" timestamp="2023-07-25T22:12:44" time="1.404" tests="1">
    <testcase classname=" renders learn react link" name=" renders learn react link" time="0.033">
    </testcase>
  </testsuite>
</testsuites>